<?xml version="1.0" encoding="UTF-8"?>
<testsuite name="modelChecker.ModelCheckerTest" tests="1" skipped="0" failures="0" errors="0" timestamp="2018-11-08T09:07:07" hostname="pc5-026-l.cs.st-andrews.ac.uk" time="0.15">
  <properties/>
  <testcase name="buildAndCheckModel" classname="modelChecker.ModelCheckerTest" time="0.15"/>
  <system-out><![CDATA[s0-[act1]-s1
s0-[act2]-s2
s1-[act2]-s2
s2-[act2]-s0
]]></system-out>
  <system-err><![CDATA[]]></system-err>
</testsuite>
